e:\project\vs_code\binary_tree\binary_tree\binary_tree\x64\debug\vc143.pdb
e:\project\vs_code\binary_tree\binary_tree\binary_tree\x64\debug\vc143.idb
e:\project\vs_code\binary_tree\binary_tree\binary_tree\x64\debug\tree.obj
e:\project\vs_code\binary_tree\binary_tree\binary_tree\x64\debug\main.obj
e:\project\vs_code\binary_tree\binary_tree\x64\debug\binary_tree.exe
e:\project\vs_code\binary_tree\binary_tree\binary_tree\x64\debug\binary_tree.ilk
e:\project\vs_code\binary_tree\binary_tree\x64\debug\binary_tree.pdb
e:\project\vs_code\binary_tree_code\binary_tree\binary_tree\x64\debug\main.obj
e:\project\vs_code\binary_tree_code\binary_tree\binary_tree\x64\debug\tree.obj
e:\project\vs_code\binary_tree_code\binary_tree\binary_tree\x64\debug\binary_tree.ilk
e:\project\vs_code\binary_tree_code\binary_tree\binary_tree\x64\debug\vc143.idb
e:\project\vs_code\binary_tree_code\binary_tree\binary_tree\x64\debug\vc143.pdb
e:\project\vs_code\binary_tree_code\binary_tree\x64\debug\binary_tree.pdb
e:\project\vs_code\binary_tree_code\binary_tree\x64\debug\binary_tree.exe
e:\project\vs_code\binary_tree_code\binary_tree\binary_tree\x64\debug\binary_tree.tlog\cl.command.1.tlog
e:\project\vs_code\binary_tree_code\binary_tree\binary_tree\x64\debug\binary_tree.tlog\cl.read.1.tlog
e:\project\vs_code\binary_tree_code\binary_tree\binary_tree\x64\debug\binary_tree.tlog\cl.write.1.tlog
e:\project\vs_code\binary_tree_code\binary_tree\binary_tree\x64\debug\binary_tree.tlog\link.command.1.tlog
e:\project\vs_code\binary_tree_code\binary_tree\binary_tree\x64\debug\binary_tree.tlog\link.read.1.tlog
e:\project\vs_code\binary_tree_code\binary_tree\binary_tree\x64\debug\binary_tree.tlog\link.write.1.tlog
